<?xml version="1.0" encoding="UTF-8"?>
<!-- Generated by org.testng.reporters.JUnitReportReporter -->
<testsuite hostname="Vasavi" failures="0" tests="3" name="com.sgtesting.users.Users" time="0.031" errors="0" timestamp="2022-11-08T08:58:12 IST" skipped="0">
  <testcase classname="com.sgtesting.users.Users" name="deleteUser" time="0.005"/>
  <system-out/>
  <testcase classname="com.sgtesting.users.Users" name="createusers" time="0.023"/>
  <system-out/>
  <testcase classname="com.sgtesting.users.Users" name="modifyUser" time="0.003"/>
  <system-out/>
</testsuite> <!-- com.sgtesting.users.Users -->
