<?xml version="1.0" encoding="UTF-8"?>
<!-- Generated by org.testng.reporters.JUnitReportReporter -->
<testsuite hostname="Vasavi" failures="0" tests="2" name="com.sgtesting.hardasserstion.AssertNullDemo" time="0.044" errors="0" timestamp="2022-11-09T19:59:50 IST" skipped="0">
  <testcase classname="com.sgtesting.hardasserstion.AssertNullDemo" name="assertNullDemo" time="0.009"/>
  <system-out/>
  <testcase classname="com.sgtesting.hardasserstion.AssertNullDemo" name="assertNotNullDemo" time="0.035"/>
  <system-out/>
</testsuite> <!-- com.sgtesting.hardasserstion.AssertNullDemo -->
