<?xml version="1.0" encoding="UTF-8"?>
<!-- Generated by org.testng.reporters.JUnitReportReporter -->
<testsuite hostname="Vasavi" failures="0" tests="2" name="com.sgtesting.softasserstion.AssertNullDemo" time="0.060" errors="0" timestamp="2022-11-09T19:53:17 IST" skipped="0">
  <testcase classname="com.sgtesting.softasserstion.AssertNullDemo" name="assertNotNullDemo" time="0.044"/>
  <system-out/>
  <testcase classname="com.sgtesting.softasserstion.AssertNullDemo" name="assertNullDemo" time="0.016"/>
  <system-out/>
</testsuite> <!-- com.sgtesting.softasserstion.AssertNullDemo -->
