<?xml version="1.0" encoding="UTF-8"?>
<!-- Generated by org.testng.reporters.JUnitReportReporter -->
<testsuite hostname="Vasavi" failures="0" tests="3" name="com.sgtesting.conditions.Dataprovider" time="0.042" errors="0" timestamp="2022-11-09T08:54:03 IST" skipped="0">
  <testcase classname="com.sgtesting.conditions.Dataprovider" name="displayTestData" time="0.005"/>
  <system-out/>
  <testcase classname="com.sgtesting.conditions.Dataprovider" name="displayTestData" time="0.028"/>
  <system-out/>
  <testcase classname="com.sgtesting.conditions.Dataprovider" name="displayTestData" time="0.009"/>
  <system-out/>
</testsuite> <!-- com.sgtesting.conditions.Dataprovider -->
