<?xml version="1.0" encoding="UTF-8"?>
<!-- Generated by org.testng.reporters.JUnitReportReporter -->
<testsuite hostname="Vasavi" failures="0" tests="2" name="com.sgtesting.softasserstion.AssertTrueFalseDemo" time="0.058" errors="0" timestamp="2022-11-09T19:56:07 IST" skipped="0">
  <testcase classname="com.sgtesting.softasserstion.AssertTrueFalseDemo" name="assertFalseDemo" time="0.047"/>
  <system-out/>
  <testcase classname="com.sgtesting.softasserstion.AssertTrueFalseDemo" name="assertTrueDemo" time="0.011"/>
  <system-out/>
</testsuite> <!-- com.sgtesting.softasserstion.AssertTrueFalseDemo -->
