<?xml version="1.0" encoding="UTF-8"?>
<!-- Generated by org.testng.reporters.JUnitReportReporter -->
<testsuite hostname="Vasavi" failures="0" tests="2" name="com.sgtesting.annotationsummary.AnnotationSummary" time="0.037" errors="0" timestamp="2022-11-09T19:45:33 IST" skipped="0">
  <testcase classname="com.sgtesting.annotationsummary.AnnotationSummary" name="method1" time="0.020"/>
  <system-out/>
  <testcase classname="com.sgtesting.annotationsummary.AnnotationSummary" name="method2" time="0.017"/>
  <system-out/>
</testsuite> <!-- com.sgtesting.annotationsummary.AnnotationSummary -->
