<?xml version="1.0" encoding="UTF-8"?>
<!-- Generated by org.testng.reporters.JUnitReportReporter -->
<testsuite hostname="Vasavi" failures="0" tests="3" name="com.sgtesting.parameters.Users1" time="0.031" errors="0" timestamp="2022-11-08T09:16:14 IST" skipped="0">
  <testcase classname="com.sgtesting.parameters.Users1" name="createusers" time="0.023"/>
  <system-out/>
  <testcase classname="com.sgtesting.parameters.Users1" name="modifyUser" time="0.004"/>
  <system-out/>
  <testcase classname="com.sgtesting.parameters.Users1" name="deleteUser" time="0.004"/>
  <system-out/>
</testsuite> <!-- com.sgtesting.parameters.Users1 -->
