<?xml version="1.0" encoding="UTF-8"?>
<!-- Generated by org.testng.reporters.JUnitReportReporter -->
<testsuite hostname="Vasavi" failures="0" tests="3" name="com.sgtesting.conditions.DependsOnMethodsCondition" time="0.043" errors="0" timestamp="2022-11-09T19:42:30 IST" skipped="0">
  <testcase classname="com.sgtesting.conditions.DependsOnMethodsCondition" name="createUser" time="0.020"/>
  <system-out/>
  <testcase classname="com.sgtesting.conditions.DependsOnMethodsCondition" name="deleteUser" time="0.012"/>
  <system-out/>
  <testcase classname="com.sgtesting.conditions.DependsOnMethodsCondition" name="modifyUser" time="0.011"/>
  <system-out/>
</testsuite> <!-- com.sgtesting.conditions.DependsOnMethodsCondition -->
