<?xml version="1.0" encoding="UTF-8"?>
<!-- Generated by org.testng.reporters.JUnitReportReporter -->
<testsuite hostname="Vasavi" failures="0" tests="3" name="com.sgtesting.conditions.Users" time="0.031" errors="0" timestamp="2022-11-09T19:38:50 IST" skipped="1">
  <testcase classname="com.sgtesting.conditions.Users" name="createUser" time="0.026"/>
  <system-out/>
  <testcase classname="com.sgtesting.conditions.Users" name="deleteUser" time="0.005"/>
  <system-out/>
  <testcase classname="com.sgtesting.conditions.Users" name="modifyUser">
    <skipped/>
  </testcase> <!-- modifyUser -->
  <system-out/>
</testsuite> <!-- com.sgtesting.conditions.Users -->
