<?xml version="1.0" encoding="UTF-8"?>
<!-- Generated by org.testng.reporters.JUnitReportReporter -->
<testsuite hostname="Vasavi" failures="0" tests="2" name="com.sgtesting.softasserstion.AssertSameDemo" time="0.053" errors="0" timestamp="2022-11-09T19:54:34 IST" skipped="0">
  <testcase classname="com.sgtesting.softasserstion.AssertSameDemo" name="assertNotSameDemo" time="0.046"/>
  <system-out/>
  <testcase classname="com.sgtesting.softasserstion.AssertSameDemo" name="assertSameDemo" time="0.007"/>
  <system-out/>
</testsuite> <!-- com.sgtesting.softasserstion.AssertSameDemo -->
