<?xml version="1.0" encoding="UTF-8"?>
<!-- Generated by org.testng.reporters.JUnitReportReporter -->
<testsuite hostname="Vasavi" failures="0" tests="2" name="com.sgtesting.hardasserstion.AssertEqualDemo" time="0.040" errors="0" timestamp="2022-11-09T19:57:34 IST" skipped="0">
  <testcase classname="com.sgtesting.hardasserstion.AssertEqualDemo" name="assertNotEqualsDemo" time="0.007"/>
  <system-out/>
  <testcase classname="com.sgtesting.hardasserstion.AssertEqualDemo" name="assertEqualsDemo" time="0.033"/>
  <system-out/>
</testsuite> <!-- com.sgtesting.hardasserstion.AssertEqualDemo -->
