<?xml version="1.0" encoding="UTF-8"?>
<!-- Generated by org.testng.reporters.JUnitReportReporter -->
<testsuite hostname="Vasavi" failures="0" tests="2" name="com.sgtesting.hardasserstion.AssertSameDemo" time="0.058" errors="0" timestamp="2022-11-09T20:01:03 IST" skipped="0">
  <testcase classname="com.sgtesting.hardasserstion.AssertSameDemo" name="assertSameDemo" time="0.018"/>
  <system-out/>
  <testcase classname="com.sgtesting.hardasserstion.AssertSameDemo" name="assertNotSameDemo" time="0.040"/>
  <system-out/>
</testsuite> <!-- com.sgtesting.hardasserstion.AssertSameDemo -->
