<?xml version="1.0" encoding="UTF-8"?>
<!-- Generated by org.testng.reporters.JUnitReportReporter -->
<testsuite hostname="Vasavi" failures="0" tests="3" name="com.sgtesting.products.Products" time="0.027" errors="0" timestamp="2022-11-08T08:58:12 IST" skipped="0">
  <testcase classname="com.sgtesting.products.Products" name="deleteUser" time="0.005"/>
  <system-out/>
  <testcase classname="com.sgtesting.products.Products" name="createusers" time="0.011"/>
  <system-out/>
  <testcase classname="com.sgtesting.products.Products" name="modifyUser" time="0.011"/>
  <system-out/>
</testsuite> <!-- com.sgtesting.products.Products -->
