<?xml version="1.0" encoding="UTF-8"?>
<!-- Generated by org.testng.reporters.JUnitReportReporter -->
<testsuite hostname="Vasavi" failures="0" tests="1" name="com.sgtesting.hardasserstion.AssertTrueFalseDemo" time="0.031" errors="0" timestamp="2022-11-09T19:58:37 IST" skipped="0">
  <testcase classname="com.sgtesting.hardasserstion.AssertTrueFalseDemo" name="assertTrueDemo" time="0.031"/>
  <system-out/>
</testsuite> <!-- com.sgtesting.hardasserstion.AssertTrueFalseDemo -->
