<?xml version="1.0" encoding="UTF-8"?>
<!-- Generated by org.testng.reporters.JUnitReportReporter -->
<testsuite hostname="Vasavi" failures="0" tests="3" name="com.sgtesting.conditions.PriorityConditionDemo" time="0.037" errors="0" timestamp="2022-11-09T19:40:41 IST" skipped="0">
  <testcase classname="com.sgtesting.conditions.PriorityConditionDemo" name="createUser" time="0.021"/>
  <system-out/>
  <testcase classname="com.sgtesting.conditions.PriorityConditionDemo" name="modifyUser" time="0.004"/>
  <system-out/>
  <testcase classname="com.sgtesting.conditions.PriorityConditionDemo" name="deleteUser" time="0.012"/>
  <system-out/>
</testsuite> <!-- com.sgtesting.conditions.PriorityConditionDemo -->
