<?xml version="1.0" encoding="UTF-8"?>
<!-- Generated by org.testng.reporters.JUnitReportReporter -->
<testsuite hostname="Vasavi" failures="0" tests="3" name="com.sgtesting.parameters.DataProviderDemo" time="0.057" errors="0" timestamp="2022-11-09T19:49:21 IST" skipped="0">
  <testcase classname="com.sgtesting.parameters.DataProviderDemo" name="displayTestData" time="0.012"/>
  <system-out/>
  <testcase classname="com.sgtesting.parameters.DataProviderDemo" name="displayTestData" time="0.029"/>
  <system-out/>
  <testcase classname="com.sgtesting.parameters.DataProviderDemo" name="displayTestData" time="0.016"/>
  <system-out/>
</testsuite> <!-- com.sgtesting.parameters.DataProviderDemo -->
